[24-Oct-2015 20:05:37 UTC] PHP Warning:  include(./app.master.php): failed to open stream: No such file or directory in /home/ubuntu/workspace/build/index.php on line 5
[24-Oct-2015 20:05:37 UTC] PHP Stack trace:
[24-Oct-2015 20:05:37 UTC] PHP   1. {main}() /home/ubuntu/workspace/build/index.php:0
[24-Oct-2015 20:05:37 UTC] PHP Warning:  include(): Failed opening './app.master.php' for inclusion (include_path='.:/usr/share/php:/usr/share/pear') in /home/ubuntu/workspace/build/index.php on line 5
[24-Oct-2015 20:05:37 UTC] PHP Stack trace:
[24-Oct-2015 20:05:37 UTC] PHP   1. {main}() /home/ubuntu/workspace/build/index.php:0
[24-Oct-2015 20:15:50 UTC] PHP Warning:  require_once(./config.php): failed to open stream: No such file or directory in /home/ubuntu/workspace/build/app/master.php on line 2
[24-Oct-2015 20:15:50 UTC] PHP Stack trace:
[24-Oct-2015 20:15:50 UTC] PHP   1. {main}() /home/ubuntu/workspace/build/landing.php:0
[24-Oct-2015 20:15:50 UTC] PHP   2. require_once() /home/ubuntu/workspace/build/landing.php:2
[24-Oct-2015 20:15:50 UTC] PHP Fatal error:  require_once(): Failed opening required './config.php' (include_path='.:/usr/share/php:/usr/share/pear') in /home/ubuntu/workspace/build/app/master.php on line 2
[24-Oct-2015 20:15:50 UTC] PHP Stack trace:
[24-Oct-2015 20:15:50 UTC] PHP   1. {main}() /home/ubuntu/workspace/build/landing.php:0
[24-Oct-2015 20:15:50 UTC] PHP   2. require_once() /home/ubuntu/workspace/build/landing.php:2
[24-Oct-2015 20:16:44 UTC] PHP Fatal error:  Using $this when not in object context in /home/ubuntu/workspace/build/app/master.php on line 20
[24-Oct-2015 20:16:44 UTC] PHP Stack trace:
[24-Oct-2015 20:16:44 UTC] PHP   1. {main}() /home/ubuntu/workspace/build/landing.php:0
[24-Oct-2015 20:16:44 UTC] PHP   2. Master::setLanguage() /home/ubuntu/workspace/build/landing.php:6
[24-Oct-2015 23:37:06 UTC] PHP Fatal error:  Using $this when not in object context in /home/ubuntu/workspace/build/app/master.php on line 20
[24-Oct-2015 23:37:06 UTC] PHP Stack trace:
[24-Oct-2015 23:37:06 UTC] PHP   1. {main}() /home/ubuntu/workspace/build/landing.php:0
[24-Oct-2015 23:37:06 UTC] PHP   2. Master::setLanguage() /home/ubuntu/workspace/build/landing.php:6
[24-Oct-2015 23:38:13 UTC] PHP Fatal error:  Using $this when not in object context in /home/ubuntu/workspace/build/app/master.php on line 18
[24-Oct-2015 23:38:13 UTC] PHP Stack trace:
[24-Oct-2015 23:38:13 UTC] PHP   1. {main}() /home/ubuntu/workspace/build/landing.php:0
[24-Oct-2015 23:38:13 UTC] PHP   2. Master::setLanguage() /home/ubuntu/workspace/build/landing.php:6
[24-Oct-2015 23:58:38 UTC] PHP Fatal error:  Using $this when not in object context in /home/ubuntu/workspace/build/app/master.php on line 19
[24-Oct-2015 23:58:38 UTC] PHP Stack trace:
[24-Oct-2015 23:58:38 UTC] PHP   1. {main}() /home/ubuntu/workspace/build/landing.php:0
[24-Oct-2015 23:58:38 UTC] PHP   2. Master::setLanguage() /home/ubuntu/workspace/build/landing.php:6
[25-Oct-2015 00:01:36 UTC] PHP Fatal error:  Call to undefined function setLanguage() in /home/ubuntu/workspace/build/landing.php on line 7
[25-Oct-2015 00:01:36 UTC] PHP Stack trace:
[25-Oct-2015 00:01:36 UTC] PHP   1. {main}() /home/ubuntu/workspace/build/landing.php:0
[25-Oct-2015 00:02:12 UTC] PHP Fatal error:  Call to undefined function setLanguage() in /home/ubuntu/workspace/build/landing.php on line 7
[25-Oct-2015 00:02:12 UTC] PHP Stack trace:
[25-Oct-2015 00:02:12 UTC] PHP   1. {main}() /home/ubuntu/workspace/build/landing.php:0
[25-Oct-2015 00:08:14 UTC] PHP Fatal error:  Access to undeclared static property: Master::$lang in /home/ubuntu/workspace/build/app/master.php on line 19
[25-Oct-2015 00:08:14 UTC] PHP Stack trace:
[25-Oct-2015 00:08:14 UTC] PHP   1. {main}() /home/ubuntu/workspace/build/landing.php:0
[25-Oct-2015 00:08:14 UTC] PHP   2. Master->setLanguage() /home/ubuntu/workspace/build/landing.php:8
[25-Oct-2015 00:08:59 UTC] PHP Fatal error:  Access to undeclared static property: Master::$lang in /home/ubuntu/workspace/build/app/master.php on line 19
[25-Oct-2015 00:08:59 UTC] PHP Stack trace:
[25-Oct-2015 00:08:59 UTC] PHP   1. {main}() /home/ubuntu/workspace/build/landing.php:0
[25-Oct-2015 00:08:59 UTC] PHP   2. Master->setLanguage() /home/ubuntu/workspace/build/landing.php:8
[25-Oct-2015 00:09:17 UTC] PHP Fatal error:  Access to undeclared static property: Master::$lang in /home/ubuntu/workspace/build/app/master.php on line 19
[25-Oct-2015 00:09:17 UTC] PHP Stack trace:
[25-Oct-2015 00:09:17 UTC] PHP   1. {main}() /home/ubuntu/workspace/build/landing.php:0
[25-Oct-2015 00:09:17 UTC] PHP   2. Master->setLanguage() /home/ubuntu/workspace/build/landing.php:8
[25-Oct-2015 00:10:13 UTC] PHP Fatal error:  Access to undeclared static property: Master::$lang in /home/ubuntu/workspace/build/app/master.php on line 20
[25-Oct-2015 00:10:13 UTC] PHP Stack trace:
[25-Oct-2015 00:10:13 UTC] PHP   1. {main}() /home/ubuntu/workspace/build/landing.php:0
[25-Oct-2015 00:10:13 UTC] PHP   2. Master->setLanguage() /home/ubuntu/workspace/build/landing.php:8
[25-Oct-2015 00:10:16 UTC] PHP Fatal error:  Access to undeclared static property: Master::$lang in /home/ubuntu/workspace/build/app/master.php on line 20
[25-Oct-2015 00:10:16 UTC] PHP Stack trace:
[25-Oct-2015 00:10:16 UTC] PHP   1. {main}() /home/ubuntu/workspace/build/landing.php:0
[25-Oct-2015 00:10:16 UTC] PHP   2. Master->setLanguage() /home/ubuntu/workspace/build/landing.php:8
[25-Oct-2015 00:10:38 UTC] PHP Fatal error:  Undefined class constant 'lang' in /home/ubuntu/workspace/build/app/master.php on line 24
[25-Oct-2015 00:10:38 UTC] PHP Stack trace:
[25-Oct-2015 00:10:38 UTC] PHP   1. {main}() /home/ubuntu/workspace/build/landing.php:0
[25-Oct-2015 00:10:38 UTC] PHP   2. Master::getTexts() /home/ubuntu/workspace/build/landing.php:11
[25-Oct-2015 00:10:59 UTC] PHP Fatal error:  Access to undeclared static property: Data::$text in /home/ubuntu/workspace/build/app/master.php on line 24
[25-Oct-2015 00:10:59 UTC] PHP Stack trace:
[25-Oct-2015 00:10:59 UTC] PHP   1. {main}() /home/ubuntu/workspace/build/landing.php:0
[25-Oct-2015 00:10:59 UTC] PHP   2. Master::getTexts() /home/ubuntu/workspace/build/landing.php:11
[25-Oct-2015 00:20:53 UTC] PHP Fatal error:  Call to undefined method Master::getText() in /home/ubuntu/workspace/build/index.php on line 2
[25-Oct-2015 00:20:53 UTC] PHP Stack trace:
[25-Oct-2015 00:20:53 UTC] PHP   1. {main}() /home/ubuntu/workspace/build/landing.php:0
[25-Oct-2015 00:20:53 UTC] PHP   2. include() /home/ubuntu/workspace/build/landing.php:11
[25-Oct-2015 00:21:26 UTC] PHP Fatal error:  Call to undefined method Master::getText() in /home/ubuntu/workspace/build/index.php on line 3
[25-Oct-2015 00:21:26 UTC] PHP Stack trace:
[25-Oct-2015 00:21:26 UTC] PHP   1. {main}() /home/ubuntu/workspace/build/landing.php:0
[25-Oct-2015 00:21:26 UTC] PHP   2. include() /home/ubuntu/workspace/build/landing.php:11
[25-Oct-2015 00:21:55 UTC] PHP Fatal error:  Call to undefined method Master::getText() in /home/ubuntu/workspace/build/index.php on line 4
[25-Oct-2015 00:21:55 UTC] PHP Stack trace:
[25-Oct-2015 00:21:55 UTC] PHP   1. {main}() /home/ubuntu/workspace/build/landing.php:0
[25-Oct-2015 00:21:55 UTC] PHP   2. include() /home/ubuntu/workspace/build/landing.php:11
[25-Oct-2015 00:31:44 UTC] PHP Warning:  Invalid argument supplied for foreach() in /home/ubuntu/workspace/build/index.php on line 27
[25-Oct-2015 00:31:44 UTC] PHP Stack trace:
[25-Oct-2015 00:31:44 UTC] PHP   1. {main}() /home/ubuntu/workspace/build/landing.php:0
[25-Oct-2015 00:31:44 UTC] PHP   2. include() /home/ubuntu/workspace/build/landing.php:11
[25-Oct-2015 00:34:08 UTC] PHP Warning:  Invalid argument supplied for foreach() in /home/ubuntu/workspace/build/index.php on line 29
[25-Oct-2015 00:34:08 UTC] PHP Stack trace:
[25-Oct-2015 00:34:08 UTC] PHP   1. {main}() /home/ubuntu/workspace/build/landing.php:0
[25-Oct-2015 00:34:08 UTC] PHP   2. include() /home/ubuntu/workspace/build/landing.php:11
[25-Oct-2015 00:51:28 UTC] PHP Warning:  Invalid argument supplied for foreach() in /home/ubuntu/workspace/build/index.php on line 80
[25-Oct-2015 00:51:28 UTC] PHP Stack trace:
[25-Oct-2015 00:51:28 UTC] PHP   1. {main}() /home/ubuntu/workspace/build/landing.php:0
[25-Oct-2015 00:51:28 UTC] PHP   2. include() /home/ubuntu/workspace/build/landing.php:11
[25-Oct-2015 00:52:05 UTC] PHP Warning:  Invalid argument supplied for foreach() in /home/ubuntu/workspace/build/index.php on line 80
[25-Oct-2015 00:52:05 UTC] PHP Stack trace:
[25-Oct-2015 00:52:05 UTC] PHP   1. {main}() /home/ubuntu/workspace/build/landing.php:0
[25-Oct-2015 00:52:05 UTC] PHP   2. include() /home/ubuntu/workspace/build/landing.php:11
[25-Oct-2015 01:19:35 UTC] PHP Parse error:  syntax error, unexpected 'title' (T_STRING), expecting ']' in /home/ubuntu/workspace/build/index.php on line 81
[25-Oct-2015 01:19:35 UTC] PHP Stack trace:
[25-Oct-2015 01:19:35 UTC] PHP   1. {main}() /home/ubuntu/workspace/build/landing.php:0
[29-Oct-2015 22:57:10 UTC] PHP Warning:  Invalid argument supplied for foreach() in /home/ubuntu/workspace/build/index.php on line 34
[29-Oct-2015 22:57:10 UTC] PHP Stack trace:
[29-Oct-2015 22:57:10 UTC] PHP   1. {main}() /home/ubuntu/workspace/build/landing.php:0
[29-Oct-2015 22:57:10 UTC] PHP   2. include() /home/ubuntu/workspace/build/landing.php:11
[29-Oct-2015 22:57:10 UTC] PHP Warning:  Invalid argument supplied for foreach() in /home/ubuntu/workspace/build/index.php on line 51
[29-Oct-2015 22:57:10 UTC] PHP Stack trace:
[29-Oct-2015 22:57:10 UTC] PHP   1. {main}() /home/ubuntu/workspace/build/landing.php:0
[29-Oct-2015 22:57:10 UTC] PHP   2. include() /home/ubuntu/workspace/build/landing.php:11
[29-Oct-2015 22:57:10 UTC] PHP Warning:  Invalid argument supplied for foreach() in /home/ubuntu/workspace/build/index.php on line 64
[29-Oct-2015 22:57:10 UTC] PHP Stack trace:
[29-Oct-2015 22:57:10 UTC] PHP   1. {main}() /home/ubuntu/workspace/build/landing.php:0
[29-Oct-2015 22:57:10 UTC] PHP   2. include() /home/ubuntu/workspace/build/landing.php:11
[29-Oct-2015 22:57:10 UTC] PHP Warning:  Invalid argument supplied for foreach() in /home/ubuntu/workspace/build/index.php on line 90
[29-Oct-2015 22:57:10 UTC] PHP Stack trace:
[29-Oct-2015 22:57:10 UTC] PHP   1. {main}() /home/ubuntu/workspace/build/landing.php:0
[29-Oct-2015 22:57:10 UTC] PHP   2. include() /home/ubuntu/workspace/build/landing.php:11
[29-Oct-2015 23:48:51 UTC] PHP Warning:  Invalid argument supplied for foreach() in /home/ubuntu/workspace/build/index.php on line 35
[29-Oct-2015 23:48:51 UTC] PHP Stack trace:
[29-Oct-2015 23:48:51 UTC] PHP   1. {main}() /home/ubuntu/workspace/build/landing.php:0
[29-Oct-2015 23:48:51 UTC] PHP   2. include() /home/ubuntu/workspace/build/landing.php:11
[29-Oct-2015 23:48:51 UTC] PHP Warning:  Invalid argument supplied for foreach() in /home/ubuntu/workspace/build/index.php on line 52
[29-Oct-2015 23:48:51 UTC] PHP Stack trace:
[29-Oct-2015 23:48:51 UTC] PHP   1. {main}() /home/ubuntu/workspace/build/landing.php:0
[29-Oct-2015 23:48:51 UTC] PHP   2. include() /home/ubuntu/workspace/build/landing.php:11
[29-Oct-2015 23:48:51 UTC] PHP Warning:  Invalid argument supplied for foreach() in /home/ubuntu/workspace/build/index.php on line 65
[29-Oct-2015 23:48:51 UTC] PHP Stack trace:
[29-Oct-2015 23:48:51 UTC] PHP   1. {main}() /home/ubuntu/workspace/build/landing.php:0
[29-Oct-2015 23:48:51 UTC] PHP   2. include() /home/ubuntu/workspace/build/landing.php:11
[29-Oct-2015 23:48:51 UTC] PHP Warning:  Invalid argument supplied for foreach() in /home/ubuntu/workspace/build/index.php on line 91
[29-Oct-2015 23:48:51 UTC] PHP Stack trace:
[29-Oct-2015 23:48:51 UTC] PHP   1. {main}() /home/ubuntu/workspace/build/landing.php:0
[29-Oct-2015 23:48:51 UTC] PHP   2. include() /home/ubuntu/workspace/build/landing.php:11
[29-Oct-2015 23:49:08 UTC] PHP Warning:  Invalid argument supplied for foreach() in /home/ubuntu/workspace/build/index.php on line 35
[29-Oct-2015 23:49:08 UTC] PHP Stack trace:
[29-Oct-2015 23:49:08 UTC] PHP   1. {main}() /home/ubuntu/workspace/build/landing.php:0
[29-Oct-2015 23:49:08 UTC] PHP   2. include() /home/ubuntu/workspace/build/landing.php:11
[29-Oct-2015 23:49:08 UTC] PHP Warning:  Invalid argument supplied for foreach() in /home/ubuntu/workspace/build/index.php on line 52
[29-Oct-2015 23:49:08 UTC] PHP Stack trace:
[29-Oct-2015 23:49:08 UTC] PHP   1. {main}() /home/ubuntu/workspace/build/landing.php:0
[29-Oct-2015 23:49:08 UTC] PHP   2. include() /home/ubuntu/workspace/build/landing.php:11
[29-Oct-2015 23:49:08 UTC] PHP Warning:  Invalid argument supplied for foreach() in /home/ubuntu/workspace/build/index.php on line 65
[29-Oct-2015 23:49:08 UTC] PHP Stack trace:
[29-Oct-2015 23:49:08 UTC] PHP   1. {main}() /home/ubuntu/workspace/build/landing.php:0
[29-Oct-2015 23:49:08 UTC] PHP   2. include() /home/ubuntu/workspace/build/landing.php:11
[29-Oct-2015 23:49:08 UTC] PHP Warning:  Invalid argument supplied for foreach() in /home/ubuntu/workspace/build/index.php on line 91
[29-Oct-2015 23:49:08 UTC] PHP Stack trace:
[29-Oct-2015 23:49:08 UTC] PHP   1. {main}() /home/ubuntu/workspace/build/landing.php:0
[29-Oct-2015 23:49:08 UTC] PHP   2. include() /home/ubuntu/workspace/build/landing.php:11
[29-Oct-2015 23:49:55 UTC] PHP Warning:  Invalid argument supplied for foreach() in /home/ubuntu/workspace/build/index.php on line 35
[29-Oct-2015 23:49:55 UTC] PHP Stack trace:
[29-Oct-2015 23:49:55 UTC] PHP   1. {main}() /home/ubuntu/workspace/build/landing.php:0
[29-Oct-2015 23:49:55 UTC] PHP   2. include() /home/ubuntu/workspace/build/landing.php:11
[29-Oct-2015 23:49:55 UTC] PHP Warning:  Invalid argument supplied for foreach() in /home/ubuntu/workspace/build/index.php on line 52
[29-Oct-2015 23:49:55 UTC] PHP Stack trace:
[29-Oct-2015 23:49:55 UTC] PHP   1. {main}() /home/ubuntu/workspace/build/landing.php:0
[29-Oct-2015 23:49:55 UTC] PHP   2. include() /home/ubuntu/workspace/build/landing.php:11
[29-Oct-2015 23:49:55 UTC] PHP Warning:  Invalid argument supplied for foreach() in /home/ubuntu/workspace/build/index.php on line 65
[29-Oct-2015 23:49:55 UTC] PHP Stack trace:
[29-Oct-2015 23:49:55 UTC] PHP   1. {main}() /home/ubuntu/workspace/build/landing.php:0
[29-Oct-2015 23:49:55 UTC] PHP   2. include() /home/ubuntu/workspace/build/landing.php:11
[29-Oct-2015 23:49:55 UTC] PHP Warning:  Invalid argument supplied for foreach() in /home/ubuntu/workspace/build/index.php on line 91
[29-Oct-2015 23:49:55 UTC] PHP Stack trace:
[29-Oct-2015 23:49:55 UTC] PHP   1. {main}() /home/ubuntu/workspace/build/landing.php:0
[29-Oct-2015 23:49:55 UTC] PHP   2. include() /home/ubuntu/workspace/build/landing.php:11
[05-Nov-2015 17:52:33 UTC] PHP Warning:  Invalid argument supplied for foreach() in /home/ubuntu/workspace/build/index.php on line 35
[05-Nov-2015 17:52:33 UTC] PHP Stack trace:
[05-Nov-2015 17:52:33 UTC] PHP   1. {main}() /home/ubuntu/workspace/build/landing.php:0
[05-Nov-2015 17:52:33 UTC] PHP   2. include() /home/ubuntu/workspace/build/landing.php:11
[05-Nov-2015 17:52:33 UTC] PHP Warning:  Invalid argument supplied for foreach() in /home/ubuntu/workspace/build/index.php on line 52
[05-Nov-2015 17:52:33 UTC] PHP Stack trace:
[05-Nov-2015 17:52:33 UTC] PHP   1. {main}() /home/ubuntu/workspace/build/landing.php:0
[05-Nov-2015 17:52:33 UTC] PHP   2. include() /home/ubuntu/workspace/build/landing.php:11
[05-Nov-2015 17:52:33 UTC] PHP Warning:  Invalid argument supplied for foreach() in /home/ubuntu/workspace/build/index.php on line 65
[05-Nov-2015 17:52:33 UTC] PHP Stack trace:
[05-Nov-2015 17:52:33 UTC] PHP   1. {main}() /home/ubuntu/workspace/build/landing.php:0
[05-Nov-2015 17:52:33 UTC] PHP   2. include() /home/ubuntu/workspace/build/landing.php:11
[05-Nov-2015 17:52:33 UTC] PHP Warning:  Invalid argument supplied for foreach() in /home/ubuntu/workspace/build/index.php on line 91
[05-Nov-2015 17:52:33 UTC] PHP Stack trace:
[05-Nov-2015 17:52:33 UTC] PHP   1. {main}() /home/ubuntu/workspace/build/landing.php:0
[05-Nov-2015 17:52:33 UTC] PHP   2. include() /home/ubuntu/workspace/build/landing.php:11
[05-Nov-2015 17:52:45 UTC] PHP Warning:  Invalid argument supplied for foreach() in /home/ubuntu/workspace/build/index.php on line 35
[05-Nov-2015 17:52:45 UTC] PHP Stack trace:
[05-Nov-2015 17:52:45 UTC] PHP   1. {main}() /home/ubuntu/workspace/build/landing.php:0
[05-Nov-2015 17:52:45 UTC] PHP   2. include() /home/ubuntu/workspace/build/landing.php:11
[05-Nov-2015 17:52:45 UTC] PHP Warning:  Invalid argument supplied for foreach() in /home/ubuntu/workspace/build/index.php on line 52
[05-Nov-2015 17:52:45 UTC] PHP Stack trace:
[05-Nov-2015 17:52:45 UTC] PHP   1. {main}() /home/ubuntu/workspace/build/landing.php:0
[05-Nov-2015 17:52:45 UTC] PHP   2. include() /home/ubuntu/workspace/build/landing.php:11
[05-Nov-2015 17:52:45 UTC] PHP Warning:  Invalid argument supplied for foreach() in /home/ubuntu/workspace/build/index.php on line 65
[05-Nov-2015 17:52:45 UTC] PHP Stack trace:
[05-Nov-2015 17:52:45 UTC] PHP   1. {main}() /home/ubuntu/workspace/build/landing.php:0
[05-Nov-2015 17:52:45 UTC] PHP   2. include() /home/ubuntu/workspace/build/landing.php:11
[05-Nov-2015 17:52:45 UTC] PHP Warning:  Invalid argument supplied for foreach() in /home/ubuntu/workspace/build/index.php on line 91
[05-Nov-2015 17:52:45 UTC] PHP Stack trace:
[05-Nov-2015 17:52:45 UTC] PHP   1. {main}() /home/ubuntu/workspace/build/landing.php:0
[05-Nov-2015 17:52:45 UTC] PHP   2. include() /home/ubuntu/workspace/build/landing.php:11
[05-Nov-2015 17:52:51 UTC] PHP Warning:  Invalid argument supplied for foreach() in /home/ubuntu/workspace/build/index.php on line 35
[05-Nov-2015 17:52:51 UTC] PHP Stack trace:
[05-Nov-2015 17:52:51 UTC] PHP   1. {main}() /home/ubuntu/workspace/build/landing.php:0
[05-Nov-2015 17:52:51 UTC] PHP   2. include() /home/ubuntu/workspace/build/landing.php:11
[05-Nov-2015 17:52:51 UTC] PHP Warning:  Invalid argument supplied for foreach() in /home/ubuntu/workspace/build/index.php on line 52
[05-Nov-2015 17:52:51 UTC] PHP Stack trace:
[05-Nov-2015 17:52:51 UTC] PHP   1. {main}() /home/ubuntu/workspace/build/landing.php:0
[05-Nov-2015 17:52:51 UTC] PHP   2. include() /home/ubuntu/workspace/build/landing.php:11
[05-Nov-2015 17:52:51 UTC] PHP Warning:  Invalid argument supplied for foreach() in /home/ubuntu/workspace/build/index.php on line 65
[05-Nov-2015 17:52:51 UTC] PHP Stack trace:
[05-Nov-2015 17:52:51 UTC] PHP   1. {main}() /home/ubuntu/workspace/build/landing.php:0
[05-Nov-2015 17:52:51 UTC] PHP   2. include() /home/ubuntu/workspace/build/landing.php:11
[05-Nov-2015 17:52:51 UTC] PHP Warning:  Invalid argument supplied for foreach() in /home/ubuntu/workspace/build/index.php on line 91
[05-Nov-2015 17:52:51 UTC] PHP Stack trace:
[05-Nov-2015 17:52:51 UTC] PHP   1. {main}() /home/ubuntu/workspace/build/landing.php:0
[05-Nov-2015 17:52:51 UTC] PHP   2. include() /home/ubuntu/workspace/build/landing.php:11
[05-Nov-2015 19:23:03 UTC] PHP Parse error:  syntax error, unexpected 'echo' (T_ECHO) in /home/ubuntu/workspace/build/index.php on line 23
[05-Nov-2015 19:23:03 UTC] PHP Stack trace:
[05-Nov-2015 19:23:03 UTC] PHP   1. {main}() /home/ubuntu/workspace/build/landing.php:0
[05-Nov-2015 19:24:05 UTC] PHP Parse error:  syntax error, unexpected 'echo' (T_ECHO) in /home/ubuntu/workspace/build/index.php on line 23
[05-Nov-2015 19:24:05 UTC] PHP Stack trace:
[05-Nov-2015 19:24:05 UTC] PHP   1. {main}() /home/ubuntu/workspace/build/landing.php:0
[24-Nov-2015 23:08:48 UTC] PHP Parse error:  syntax error, unexpected 'var' (T_VAR) in /home/ubuntu/workspace/build/index.php on line 81
[24-Nov-2015 23:08:48 UTC] PHP Stack trace:
[24-Nov-2015 23:08:48 UTC] PHP   1. {main}() /home/ubuntu/workspace/build/landing.php:0
[27-Nov-2015 00:29:09 UTC] PHP Parse error:  syntax error, unexpected '0' (T_LNUMBER), expecting ')' in /home/ubuntu/workspace/build/app/data.php on line 13
[27-Nov-2015 00:29:09 UTC] PHP Stack trace:
[27-Nov-2015 00:29:09 UTC] PHP   1. {main}() /home/ubuntu/workspace/build/landing.php:0
[27-Nov-2015 00:29:09 UTC] PHP   2. require_once() /home/ubuntu/workspace/build/landing.php:2
[27-Nov-2015 00:29:29 UTC] PHP Fatal error:  Access to undeclared static property: Data::$gallery in /home/ubuntu/workspace/build/app/master.php on line 28
[27-Nov-2015 00:29:29 UTC] PHP Stack trace:
[27-Nov-2015 00:29:29 UTC] PHP   1. {main}() /home/ubuntu/workspace/build/landing.php:0
[27-Nov-2015 00:29:29 UTC] PHP   2. include() /home/ubuntu/workspace/build/landing.php:11
[27-Nov-2015 00:29:29 UTC] PHP   3. Master::getGallery() /home/ubuntu/workspace/build/index.php:4
[27-Nov-2015 00:29:46 UTC] PHP Warning:  Invalid argument supplied for foreach() in /home/ubuntu/workspace/build/index.php on line 108
[27-Nov-2015 00:29:46 UTC] PHP Stack trace:
[27-Nov-2015 00:29:46 UTC] PHP   1. {main}() /home/ubuntu/workspace/build/landing.php:0
[27-Nov-2015 00:29:46 UTC] PHP   2. include() /home/ubuntu/workspace/build/landing.php:11
[27-Nov-2015 00:29:46 UTC] PHP Warning:  Invalid argument supplied for foreach() in /home/ubuntu/workspace/build/index.php on line 108
[27-Nov-2015 00:29:46 UTC] PHP Stack trace:
[27-Nov-2015 00:29:46 UTC] PHP   1. {main}() /home/ubuntu/workspace/build/landing.php:0
[27-Nov-2015 00:29:46 UTC] PHP   2. include() /home/ubuntu/workspace/build/landing.php:11
[27-Nov-2015 00:30:03 UTC] PHP Warning:  Invalid argument supplied for foreach() in /home/ubuntu/workspace/build/index.php on line 108
[27-Nov-2015 00:30:03 UTC] PHP Stack trace:
[27-Nov-2015 00:30:03 UTC] PHP   1. {main}() /home/ubuntu/workspace/build/landing.php:0
[27-Nov-2015 00:30:03 UTC] PHP   2. include() /home/ubuntu/workspace/build/landing.php:11
[27-Nov-2015 00:30:03 UTC] PHP Warning:  Invalid argument supplied for foreach() in /home/ubuntu/workspace/build/index.php on line 108
[27-Nov-2015 00:30:03 UTC] PHP Stack trace:
[27-Nov-2015 00:30:03 UTC] PHP   1. {main}() /home/ubuntu/workspace/build/landing.php:0
[27-Nov-2015 00:30:03 UTC] PHP   2. include() /home/ubuntu/workspace/build/landing.php:11
[27-Nov-2015 02:15:00 UTC] PHP Warning:  Invalid argument supplied for foreach() in /home/ubuntu/workspace/build/index.php on line 150
[27-Nov-2015 02:15:00 UTC] PHP Stack trace:
[27-Nov-2015 02:15:00 UTC] PHP   1. {main}() /home/ubuntu/workspace/build/landing.php:0
[27-Nov-2015 02:15:00 UTC] PHP   2. include() /home/ubuntu/workspace/build/landing.php:11
[27-Nov-2015 02:15:00 UTC] PHP Warning:  Invalid argument supplied for foreach() in /home/ubuntu/workspace/build/index.php on line 150
[27-Nov-2015 02:15:00 UTC] PHP Stack trace:
[27-Nov-2015 02:15:00 UTC] PHP   1. {main}() /home/ubuntu/workspace/build/landing.php:0
[27-Nov-2015 02:15:00 UTC] PHP   2. include() /home/ubuntu/workspace/build/landing.php:11
[27-Nov-2015 02:16:55 UTC] PHP Warning:  Invalid argument supplied for foreach() in /home/ubuntu/workspace/build/index.php on line 150
[27-Nov-2015 02:16:55 UTC] PHP Stack trace:
[27-Nov-2015 02:16:55 UTC] PHP   1. {main}() /home/ubuntu/workspace/build/landing.php:0
[27-Nov-2015 02:16:55 UTC] PHP   2. include() /home/ubuntu/workspace/build/landing.php:11
[27-Nov-2015 02:16:55 UTC] PHP Warning:  Invalid argument supplied for foreach() in /home/ubuntu/workspace/build/index.php on line 150
[27-Nov-2015 02:16:55 UTC] PHP Stack trace:
[27-Nov-2015 02:16:55 UTC] PHP   1. {main}() /home/ubuntu/workspace/build/landing.php:0
[27-Nov-2015 02:16:55 UTC] PHP   2. include() /home/ubuntu/workspace/build/landing.php:11
[27-Nov-2015 02:18:13 UTC] PHP Warning:  Invalid argument supplied for foreach() in /home/ubuntu/workspace/build/index.php on line 150
[27-Nov-2015 02:18:13 UTC] PHP Stack trace:
[27-Nov-2015 02:18:13 UTC] PHP   1. {main}() /home/ubuntu/workspace/build/landing.php:0
[27-Nov-2015 02:18:13 UTC] PHP   2. include() /home/ubuntu/workspace/build/landing.php:11
[27-Nov-2015 02:18:13 UTC] PHP Warning:  Invalid argument supplied for foreach() in /home/ubuntu/workspace/build/index.php on line 150
[27-Nov-2015 02:18:13 UTC] PHP Stack trace:
[27-Nov-2015 02:18:13 UTC] PHP   1. {main}() /home/ubuntu/workspace/build/landing.php:0
[27-Nov-2015 02:18:13 UTC] PHP   2. include() /home/ubuntu/workspace/build/landing.php:11
[27-Nov-2015 02:19:00 UTC] PHP Warning:  Invalid argument supplied for foreach() in /home/ubuntu/workspace/build/index.php on line 150
[27-Nov-2015 02:19:00 UTC] PHP Stack trace:
[27-Nov-2015 02:19:00 UTC] PHP   1. {main}() /home/ubuntu/workspace/build/landing.php:0
[27-Nov-2015 02:19:00 UTC] PHP   2. include() /home/ubuntu/workspace/build/landing.php:11
[27-Nov-2015 02:19:00 UTC] PHP Warning:  Invalid argument supplied for foreach() in /home/ubuntu/workspace/build/index.php on line 150
[27-Nov-2015 02:19:00 UTC] PHP Stack trace:
[27-Nov-2015 02:19:00 UTC] PHP   1. {main}() /home/ubuntu/workspace/build/landing.php:0
[27-Nov-2015 02:19:00 UTC] PHP   2. include() /home/ubuntu/workspace/build/landing.php:11
[27-Nov-2015 02:27:39 UTC] PHP Warning:  Invalid argument supplied for foreach() in /home/ubuntu/workspace/build/index.php on line 150
[27-Nov-2015 02:27:39 UTC] PHP Stack trace:
[27-Nov-2015 02:27:39 UTC] PHP   1. {main}() /home/ubuntu/workspace/build/landing.php:0
[27-Nov-2015 02:27:39 UTC] PHP   2. include() /home/ubuntu/workspace/build/landing.php:11
[27-Nov-2015 02:27:39 UTC] PHP Warning:  Invalid argument supplied for foreach() in /home/ubuntu/workspace/build/index.php on line 150
[27-Nov-2015 02:27:39 UTC] PHP Stack trace:
[27-Nov-2015 02:27:39 UTC] PHP   1. {main}() /home/ubuntu/workspace/build/landing.php:0
[27-Nov-2015 02:27:39 UTC] PHP   2. include() /home/ubuntu/workspace/build/landing.php:11
[27-Nov-2015 02:27:58 UTC] PHP Warning:  Invalid argument supplied for foreach() in /home/ubuntu/workspace/build/index.php on line 150
[27-Nov-2015 02:27:58 UTC] PHP Stack trace:
[27-Nov-2015 02:27:58 UTC] PHP   1. {main}() /home/ubuntu/workspace/build/landing.php:0
[27-Nov-2015 02:27:58 UTC] PHP   2. include() /home/ubuntu/workspace/build/landing.php:11
[27-Nov-2015 02:27:58 UTC] PHP Warning:  Invalid argument supplied for foreach() in /home/ubuntu/workspace/build/index.php on line 150
[27-Nov-2015 02:27:58 UTC] PHP Stack trace:
[27-Nov-2015 02:27:58 UTC] PHP   1. {main}() /home/ubuntu/workspace/build/landing.php:0
[27-Nov-2015 02:27:58 UTC] PHP   2. include() /home/ubuntu/workspace/build/landing.php:11
[27-Nov-2015 02:28:03 UTC] PHP Warning:  Invalid argument supplied for foreach() in /home/ubuntu/workspace/build/index.php on line 150
[27-Nov-2015 02:28:03 UTC] PHP Stack trace:
[27-Nov-2015 02:28:03 UTC] PHP   1. {main}() /home/ubuntu/workspace/build/landing.php:0
[27-Nov-2015 02:28:03 UTC] PHP   2. include() /home/ubuntu/workspace/build/landing.php:11
[27-Nov-2015 02:28:03 UTC] PHP Warning:  Invalid argument supplied for foreach() in /home/ubuntu/workspace/build/index.php on line 150
[27-Nov-2015 02:28:03 UTC] PHP Stack trace:
[27-Nov-2015 02:28:03 UTC] PHP   1. {main}() /home/ubuntu/workspace/build/landing.php:0
[27-Nov-2015 02:28:03 UTC] PHP   2. include() /home/ubuntu/workspace/build/landing.php:11
[27-Nov-2015 02:28:34 UTC] PHP Warning:  Invalid argument supplied for foreach() in /home/ubuntu/workspace/build/index.php on line 150
[27-Nov-2015 02:28:34 UTC] PHP Stack trace:
[27-Nov-2015 02:28:34 UTC] PHP   1. {main}() /home/ubuntu/workspace/build/landing.php:0
[27-Nov-2015 02:28:34 UTC] PHP   2. include() /home/ubuntu/workspace/build/landing.php:11
[27-Nov-2015 02:28:34 UTC] PHP Warning:  Invalid argument supplied for foreach() in /home/ubuntu/workspace/build/index.php on line 150
[27-Nov-2015 02:28:34 UTC] PHP Stack trace:
[27-Nov-2015 02:28:34 UTC] PHP   1. {main}() /home/ubuntu/workspace/build/landing.php:0
[27-Nov-2015 02:28:34 UTC] PHP   2. include() /home/ubuntu/workspace/build/landing.php:11
[27-Nov-2015 02:28:40 UTC] PHP Warning:  Invalid argument supplied for foreach() in /home/ubuntu/workspace/build/index.php on line 150
[27-Nov-2015 02:28:40 UTC] PHP Stack trace:
[27-Nov-2015 02:28:40 UTC] PHP   1. {main}() /home/ubuntu/workspace/build/landing.php:0
[27-Nov-2015 02:28:40 UTC] PHP   2. include() /home/ubuntu/workspace/build/landing.php:11
[27-Nov-2015 02:28:40 UTC] PHP Warning:  Invalid argument supplied for foreach() in /home/ubuntu/workspace/build/index.php on line 150
[27-Nov-2015 02:28:40 UTC] PHP Stack trace:
[27-Nov-2015 02:28:40 UTC] PHP   1. {main}() /home/ubuntu/workspace/build/landing.php:0
[27-Nov-2015 02:28:40 UTC] PHP   2. include() /home/ubuntu/workspace/build/landing.php:11
[27-Nov-2015 02:28:43 UTC] PHP Warning:  Invalid argument supplied for foreach() in /home/ubuntu/workspace/build/index.php on line 150
[27-Nov-2015 02:28:43 UTC] PHP Stack trace:
[27-Nov-2015 02:28:43 UTC] PHP   1. {main}() /home/ubuntu/workspace/build/landing.php:0
[27-Nov-2015 02:28:43 UTC] PHP   2. include() /home/ubuntu/workspace/build/landing.php:11
[27-Nov-2015 02:28:43 UTC] PHP Warning:  Invalid argument supplied for foreach() in /home/ubuntu/workspace/build/index.php on line 150
[27-Nov-2015 02:28:43 UTC] PHP Stack trace:
[27-Nov-2015 02:28:43 UTC] PHP   1. {main}() /home/ubuntu/workspace/build/landing.php:0
[27-Nov-2015 02:28:43 UTC] PHP   2. include() /home/ubuntu/workspace/build/landing.php:11
[27-Nov-2015 02:31:56 UTC] PHP Warning:  Invalid argument supplied for foreach() in /home/ubuntu/workspace/build/index.php on line 150
[27-Nov-2015 02:31:56 UTC] PHP Stack trace:
[27-Nov-2015 02:31:56 UTC] PHP   1. {main}() /home/ubuntu/workspace/build/landing.php:0
[27-Nov-2015 02:31:56 UTC] PHP   2. include() /home/ubuntu/workspace/build/landing.php:11
[27-Nov-2015 02:31:56 UTC] PHP Warning:  Invalid argument supplied for foreach() in /home/ubuntu/workspace/build/index.php on line 150
[27-Nov-2015 02:31:56 UTC] PHP Stack trace:
[27-Nov-2015 02:31:56 UTC] PHP   1. {main}() /home/ubuntu/workspace/build/landing.php:0
[27-Nov-2015 02:31:56 UTC] PHP   2. include() /home/ubuntu/workspace/build/landing.php:11
[27-Nov-2015 02:32:44 UTC] PHP Warning:  Invalid argument supplied for foreach() in /home/ubuntu/workspace/build/index.php on line 150
[27-Nov-2015 02:32:44 UTC] PHP Stack trace:
[27-Nov-2015 02:32:44 UTC] PHP   1. {main}() /home/ubuntu/workspace/build/landing.php:0
[27-Nov-2015 02:32:44 UTC] PHP   2. include() /home/ubuntu/workspace/build/landing.php:11
[27-Nov-2015 02:32:44 UTC] PHP Warning:  Invalid argument supplied for foreach() in /home/ubuntu/workspace/build/index.php on line 150
[27-Nov-2015 02:32:44 UTC] PHP Stack trace:
[27-Nov-2015 02:32:44 UTC] PHP   1. {main}() /home/ubuntu/workspace/build/landing.php:0
[27-Nov-2015 02:32:44 UTC] PHP   2. include() /home/ubuntu/workspace/build/landing.php:11
